2025-04-04 16:47:30 error: Application error: Cannot read properties of undefined (reading 'toLowerCase')
2025-04-05 18:31:26 error: Unhandled Rejection at:
2025-04-06 17:40:14 error: Error occurred
2025-04-06 17:40:55 error: Error occurred
2025-04-06 17:42:34 error: Error occurred
2025-04-06 17:45:21 error: Error occurred
2025-04-06 18:18:34 error: Database connection error
2025-04-06 18:18:34 error: Database connection error
2025-04-06 18:18:34 error: Database connection error
2025-04-06 18:18:34 error: Database connection error
2025-04-06 18:47:24 error: Database connection error
2025-04-06 18:47:24 error: Database connection error
2025-04-06 18:47:24 error: Database connection error
2025-04-06 18:47:25 error: Database connection error
2025-04-06 18:48:07 error: Database connection error
2025-04-06 18:51:38 error: Database connection error
2025-04-06 18:51:38 error: Database connection error
2025-04-06 18:51:39 error: Database connection error
2025-04-06 18:55:17 error: Database connection error
2025-04-06 18:55:18 error: Database connection error
2025-04-06 18:55:18 error: Database connection error
2025-04-06 18:56:11 error: Database connection error
2025-04-06 18:56:11 error: Database connection error
2025-04-06 18:56:11 error: Database connection error
2025-04-06 18:56:16 error: Database connection error
2025-04-06 18:56:16 error: Query error
2025-04-06 18:56:16 error: Failed to retrieve call log
2025-04-06 18:56:16 error: Database connection error
2025-04-06 18:56:16 error: Database connection error
2025-04-06 18:56:16 error: Database connection error
2025-04-06 18:57:40 error: Database connection error
2025-04-06 18:57:46 error: Database connection error
2025-04-06 18:58:06 error: Database connection error
2025-04-06 18:59:15 error: Database connection error
2025-04-06 18:59:15 error: Database connection error
2025-04-06 18:59:15 error: Database connection error
2025-04-06 18:59:36 error: Database connection error
2025-04-06 18:59:36 error: Database connection error
2025-04-06 18:59:36 error: Database connection error
2025-04-06 18:59:37 error: Database connection error
2025-04-06 18:59:37 error: Database connection error
2025-04-06 18:59:37 error: Database connection error
2025-04-06 19:01:01 error: Database connection error
2025-04-06 19:01:01 error: Database connection error
2025-04-06 19:01:01 error: Database connection error
2025-04-06 19:02:31 error: Database connection error
2025-04-06 19:02:39 error: Error occurred
2025-04-06 19:02:39 error: Database connection error
2025-04-06 19:02:40 error: Database connection error
2025-04-06 19:03:02 error: Database connection error
2025-04-06 19:03:03 error: Database connection error
2025-04-06 19:03:03 error: Database connection error
2025-04-06 19:33:44 error: Query error
2025-04-06 19:33:44 error: Failed to create call log
2025-04-06 19:33:44 error: Error initiating call: relation "call_logs" does not exist
2025-04-06 19:38:15 error: Query error
2025-04-06 19:38:15 error: Failed to create call log
2025-04-06 19:38:15 error: Error initiating call: column "response_text" of relation "call_logs" does not exist
2025-04-06 19:40:25 error: Query error
2025-04-06 19:40:25 error: Failed to create call log
2025-04-06 19:40:25 error: Error initiating call: column "notes" of relation "call_logs" does not exist
2025-04-06 21:27:30 error: Query error
2025-04-06 21:27:30 error: Failed to create call log
2025-04-06 21:27:30 error: Error initiating call: INSERT has more expressions than target columns
2025-04-06 21:27:54 error: Query error
2025-04-06 21:27:54 error: Failed to create call log
2025-04-06 21:27:54 error: Error initiating call: INSERT has more expressions than target columns
2025-04-06 21:48:36 error: Query error
2025-04-06 21:48:36 error: Failed to create call log
2025-04-06 21:48:36 error: Error initiating call: relation "call_logs" does not exist
2025-04-06 21:49:07 error: Query error
2025-04-06 21:49:07 error: Failed to update call log
2025-04-06 21:49:07 error: Failed to update call log with AMD status
2025-04-06 21:53:10 error: Query error
2025-04-06 21:53:10 error: Failed to create call log
2025-04-06 21:53:10 error: Error initiating call: INSERT has more expressions than target columns
2025-04-06 21:57:05 error: Query error
2025-04-06 21:57:05 error: Failed to create call log
2025-04-06 21:57:05 error: Error initiating call: bind message supplies 8 parameters, but prepared statement "" requires 9
2025-04-06 22:52:48 error: Query error
2025-04-06 22:52:48 error: Failed to create call log
2025-04-06 22:52:48 error: Failed to create call log for incoming call
